<?xml version="1.0" encoding="UTF-8"?>
<!-- Generated by org.testng.reporters.JUnitReportReporter -->
<testsuite hostname="Lenovo" failures="0" tests="1" name="com.practice.ReadDataFromCmdTest" time="12.411" errors="0" timestamp="2023-09-06T15:00:14 IST" skipped="0">
  <testcase classname="com.practice.ReadDataFromCmdTest" name="cmdTest" time="12.411"/>
  <system-out/>
</testsuite> <!-- com.practice.ReadDataFromCmdTest -->
