<?xml version="1.0" encoding="UTF-8"?>
<!-- Generated by org.testng.reporters.JUnitReportReporter -->
<testsuite hostname="Lenovo" failures="0" tests="1" name="com.manageBookings.CancelPackagePOM" time="55.513" errors="0" timestamp="2023-09-21T13:50:43 IST" skipped="0">
  <testcase classname="com.manageBookings.CancelPackagePOM" name="cancelPackagePOM" time="55.513"/>
  <system-out>
    <![CDATA[cancelPackagePOM---> Execution starts 
cancelPackagePOM---> TestScript executed successfully]]>
  </system-out>
</testsuite> <!-- com.manageBookings.CancelPackagePOM -->
