<?xml version="1.0" encoding="UTF-8"?>
<!-- Generated by org.testng.reporters.JUnitReportReporter -->
<testsuite hostname="Lenovo" failures="0" tests="4" name="TestNG.AnnotationsTest" time="0.123" errors="0" timestamp="2023-09-20T09:08:05 IST" skipped="0">
  <testcase classname="TestNG.AnnotationsTest" name="editEmployee" time="0.026"/>
  <system-out/>
  <testcase classname="TestNG.AnnotationsTest" name="deleteEmployee" time="0.024"/>
  <system-out/>
  <testcase classname="TestNG.AnnotationsTest" name="createEmployee" time="0.051"/>
  <system-out/>
  <testcase classname="TestNG.AnnotationsTest" name="editEmployee" time="0.022"/>
  <system-out/>
</testsuite> <!-- TestNG.AnnotationsTest -->
