<?xml version="1.0" encoding="UTF-8"?>
<!-- Generated by org.testng.reporters.JUnitReportReporter -->
<testsuite hostname="Lenovo" failures="0" tests="3" name="TestNG.PracticeTest" time="0.035" errors="0" timestamp="2023-09-15T12:20:16 IST" skipped="0">
  <testcase classname="TestNG.PracticeTest" name="editTest" time="0.015"/>
  <system-out/>
  <testcase classname="TestNG.PracticeTest" name="deleteTest" time="0.007"/>
  <system-out/>
  <testcase classname="TestNG.PracticeTest" name="deleteTest" time="0.013"/>
  <system-out/>
</testsuite> <!-- TestNG.PracticeTest -->
