<?xml version="1.0" encoding="UTF-8"?>
<!-- Generated by org.testng.reporters.JUnitReportReporter -->
<testsuite hostname="Lenovo" failures="0" tests="1" name="com.login.VerifyAdminLogin" time="10.276" errors="0" timestamp="2023-09-06T17:07:53 IST" skipped="0">
  <testcase classname="com.login.VerifyAdminLogin" name="adminLogin" time="10.276"/>
  <system-out/>
</testsuite> <!-- com.login.VerifyAdminLogin -->
