<?xml version="1.0" encoding="UTF-8"?>
<!-- Generated by org.testng.reporters.JUnitReportReporter -->
<testsuite hostname="Lenovo" failures="0" tests="3" name="TestNG.DP_getDataTest" time="0.038" errors="0" timestamp="2023-09-21T09:09:22 IST" skipped="0">
  <testcase classname="TestNG.DP_getDataTest" name="getData" time="0.023"/>
  <system-out/>
  <testcase classname="TestNG.DP_getDataTest" name="getData" time="0.005"/>
  <system-out/>
  <testcase classname="TestNG.DP_getDataTest" name="getData" time="0.010"/>
  <system-out/>
</testsuite> <!-- TestNG.DP_getDataTest -->
