<?xml version="1.0" encoding="UTF-8"?>
<!-- Generated by org.testng.reporters.JUnitReportReporter -->
<testsuite hostname="Lenovo" failures="0" tests="1" name="com.enquiry.EnquiryToAdminPOM" time="19.510" errors="0" timestamp="2023-09-21T13:50:43 IST" skipped="0">
  <testcase classname="com.enquiry.EnquiryToAdminPOM" name="enquiryToAdminPOM" time="19.510"/>
  <system-out>
    <![CDATA[enquiryToAdminPOM---> Execution starts 
enquiryToAdminPOM---> TestScript executed successfully]]>
  </system-out>
</testsuite> <!-- com.enquiry.EnquiryToAdminPOM -->
