<?xml version="1.0" encoding="UTF-8"?>
<!-- Generated by org.testng.reporters.JUnitReportReporter -->
<testsuite hostname="Lenovo" failures="0" tests="1" name="com.manageBookings.VerifyManageUsersPOM" time="37.468" errors="0" timestamp="2023-09-21T13:50:42 IST" skipped="0">
  <testcase classname="com.manageBookings.VerifyManageUsersPOM" name="verifyManageUsersPOM" time="37.468"/>
  <system-out>
    <![CDATA[verifyManageUsersPOM---> Execution starts 
verifyManageUsersPOM---> TestScript executed successfully]]>
  </system-out>
</testsuite> <!-- com.manageBookings.VerifyManageUsersPOM -->
