<?xml version="1.0" encoding="UTF-8"?>
<!-- Generated by org.testng.reporters.JUnitReportReporter -->
<testsuite hostname="Lenovo" failures="0" tests="1" name="com.booking.ManageBookingsPOM" time="21.759" errors="0" timestamp="2023-10-01T10:44:56 IST" skipped="0">
  <testcase classname="com.booking.ManageBookingsPOM" name="manageBookingsPOM" time="21.759"/>
  <system-out/>
</testsuite> <!-- com.booking.ManageBookingsPOM -->
