<?xml version="1.0" encoding="UTF-8"?>
<!-- Generated by org.testng.reporters.JUnitReportReporter -->
<testsuite hostname="Lenovo" failures="0" tests="2" name="TestNG.Sample" time="31.761" errors="0" timestamp="2023-09-20T10:23:24 IST" skipped="0">
  <testcase classname="TestNG.Sample" name="sample" time="8.384"/>
  <system-out/>
  <testcase classname="TestNG.Sample" name="sample" time="23.377"/>
  <system-out/>
</testsuite> <!-- TestNG.Sample -->
