<?xml version="1.0" encoding="UTF-8"?>
<!-- Generated by org.testng.reporters.JUnitReportReporter -->
<testsuite hostname="Lenovo" failures="0" tests="1" name="com.login.VerifyAdminLoginPOM" time="7.059" errors="0" timestamp="2023-09-21T13:50:43 IST" skipped="0">
  <testcase classname="com.login.VerifyAdminLoginPOM" name="verifyAdminLoginPOM" time="7.059"/>
  <system-out>
    <![CDATA[verifyAdminLoginPOM---> Execution starts 
verifyAdminLoginPOM---> TestScript executed successfully]]>
  </system-out>
</testsuite> <!-- com.login.VerifyAdminLoginPOM -->
