<?xml version="1.0" encoding="UTF-8"?>
<!-- Generated by org.testng.reporters.JUnitReportReporter -->
<testsuite hostname="Lenovo" failures="0" tests="2" name="TestNG.Simple" time="14.569" errors="0" timestamp="2023-09-20T10:23:24 IST" skipped="0">
  <testcase classname="TestNG.Simple" name="simple" time="4.673"/>
  <system-out/>
  <testcase classname="TestNG.Simple" name="simple" time="9.896"/>
  <system-out/>
</testsuite> <!-- TestNG.Simple -->
