<?xml version="1.0" encoding="UTF-8"?>
<!-- Generated by org.testng.reporters.JUnitReportReporter -->
<testsuite hostname="Lenovo" failures="0" tests="1" name="com.tourPackage.NavigateToTourPackagePOM" time="16.310" errors="0" timestamp="2023-09-21T13:50:42 IST" skipped="0">
  <testcase classname="com.tourPackage.NavigateToTourPackagePOM" name="navigateToTourPackagePOM" time="16.310"/>
  <system-out>
    <![CDATA[navigateToTourPackagePOM---> Execution starts 
navigateToTourPackagePOM---> TestScript executed successfully]]>
  </system-out>
</testsuite> <!-- com.tourPackage.NavigateToTourPackagePOM -->
