<?xml version="1.0" encoding="UTF-8"?>
<!-- Generated by org.testng.reporters.JUnitReportReporter -->
<testsuite hostname="Lenovo" failures="0" tests="1" name="TestNG.SoftAssertTest" time="0.043" errors="0" timestamp="2023-09-20T12:42:47 IST" skipped="0">
  <testcase classname="TestNG.SoftAssertTest" name="softAssert" time="0.043"/>
  <system-out/>
</testsuite> <!-- TestNG.SoftAssertTest -->
