<?xml version="1.0" encoding="UTF-8"?>
<!-- Generated by org.testng.reporters.JUnitReportReporter -->
<testsuite hostname="Lenovo" failures="0" tests="1" name="com.tourPackage.PackageActionsPOM" time="41.635" errors="0" timestamp="2023-09-21T13:50:43 IST" skipped="0">
  <testcase classname="com.tourPackage.PackageActionsPOM" name="packageActionsPOM" time="41.635"/>
  <system-out>
    <![CDATA[packageActionsPOM---> Execution starts 
packageActionsPOM---> TestScript executed successfully]]>
  </system-out>
</testsuite> <!-- com.tourPackage.PackageActionsPOM -->
